<?xml version="1.0" encoding="UTF-8"?>
<!-- Generated by org.testng.reporters.JUnitXMLReporter -->
<testsuite hostname="DESKTOP-UFF7VOJ" name="Default test" tests="14" failures="0" timestamp="27 Jul 2019 18:56:03 GMT" time="41.599" errors="0">
  <testcase name="getUrl" time="4.513" classname="scripts.ChocolateAssignment"/>
  <testcase name="clickAlertbox" time="0.193" classname="scripts.ChocolateAssignment"/>
  <testcase name="clickStartyourtrip" time="5.679" classname="scripts.ChocolateAssignment"/>
  <testcase name="searchTexas" time="0.982" classname="scripts.ChocolateAssignment"/>
  <testcase name="clickHouston" time="3.072" classname="scripts.ChocolateAssignment"/>
  <testcase name="skiptoTransportation" time="1.021" classname="scripts.ChocolateAssignment"/>
  <testcase name="skiptoAccomodation" time="3.096" classname="scripts.ChocolateAssignment"/>
  <testcase name="skiptoBindle" time="2.427" classname="scripts.ChocolateAssignment"/>
  <testcase name="houstonZooaddtobindle" time="1.369" classname="scripts.ChocolateAssignment"/>
  <testcase name="clickAddtoBindle" time="0.968" classname="scripts.ChocolateAssignment"/>
  <testcase name="clickTripOverview" time="1.387" classname="scripts.ChocolateAssignment"/>
  <testcase name="clickEditableView" time="3.404" classname="scripts.ChocolateAssignment"/>
  <testcase name="draganddrop" time="1.672" classname="scripts.ChocolateAssignment"/>
  <testcase name="saveandfinish" time="5.37" classname="scripts.ChocolateAssignment"/>
</testsuite> <!-- Default test -->
