<?xml version="1.0" encoding="UTF-8"?>
<!-- Generated by org.testng.reporters.JUnitXMLReporter -->
<testsuite hostname="DESKTOP-UFF7VOJ" name="Chrometest" tests="8" failures="2" timestamp="30 Jun 2019 15:40:24 GMT" time="0.104" errors="0">
  <testcase name="openUrlTest" time="0.016" classname="scripts.WikipediaTest2">
    <failure type="java.lang.NullPointerException">
      <![CDATA[java.lang.NullPointerException
	at scripts.WikipediaTest2.openUrlTest(WikipediaTest2.java:17)
... Removed 25 stack frames]]>
    </failure>
  </testcase> <!-- openUrlTest -->
  <testcase name="selectEnglishLink" time="0.0" classname="scripts.WikipediaTest2">
    <skipped/>
  </testcase> <!-- selectEnglishLink -->
  <testcase name="searchBoxTest" time="0.0" classname="scripts.WikipediaTest2">
    <skipped/>
  </testcase> <!-- searchBoxTest -->
  <testcase name="searchbuttonTest" time="0.0" classname="scripts.WikipediaTest2">
    <skipped/>
  </testcase> <!-- searchbuttonTest -->
  <testcase name="openUrlTest" time="0.003" classname="scripts.WikipediaTest3">
    <failure type="java.lang.NullPointerException">
      <![CDATA[java.lang.NullPointerException
	at scripts.WikipediaTest3.openUrlTest(WikipediaTest3.java:17)
... Removed 25 stack frames]]>
    </failure>
  </testcase> <!-- openUrlTest -->
  <testcase name="selectDeutschLink" time="0.0" classname="scripts.WikipediaTest3">
    <skipped/>
  </testcase> <!-- selectDeutschLink -->
  <testcase name="searchBoxTest" time="0.0" classname="scripts.WikipediaTest3">
    <skipped/>
  </testcase> <!-- searchBoxTest -->
  <testcase name="searchbuttonTest" time="0.0" classname="scripts.WikipediaTest3">
    <skipped/>
  </testcase> <!-- searchbuttonTest -->
</testsuite> <!-- Chrometest -->
