<?xml version="1.0" encoding="UTF-8"?>
<!-- Generated by org.testng.reporters.JUnitXMLReporter -->
<testsuite hostname="DESKTOP-UFF7VOJ" name="ChromeTest" tests="3" failures="0" timestamp="26 Jan 2020 08:51:47 GMT" time="321.986" errors="0">
  <testcase name="selectProductcategory" time="113.931" classname="testClasses.PurchaseTest"/>
  <testcase name="selectProductcategory" time="54.401" classname="testClasses.PurchaseTest"/>
  <testcase name="selectProductcategory" time="137.221" classname="testClasses.PurchaseTest"/>
</testsuite> <!-- ChromeTest -->
