<?xml version="1.0" encoding="UTF-8"?>
<!-- Generated by org.testng.reporters.JUnitXMLReporter -->
<testsuite hostname="DESKTOP-UFF7VOJ" name="firefoxtest" tests="5" failures="0" timestamp="24 Jun 2019 20:03:18 GMT" time="71.003" errors="0">
  <testcase name="openBrowser" time="51.508" classname="scripts.WikipediaTest3"/>
  <testcase name="openUrlTest" time="7.934" classname="scripts.WikipediaTest3"/>
  <testcase name="selectDeutschLink" time="2.42" classname="scripts.WikipediaTest3"/>
  <testcase name="searchBoxTest" time="1.908" classname="scripts.WikipediaTest3"/>
  <testcase name="searchbuttonTest" time="7.205" classname="scripts.WikipediaTest3"/>
</testsuite> <!-- firefoxtest -->
