<?xml version="1.0" encoding="UTF-8"?>
<!-- Generated by org.testng.reporters.JUnitXMLReporter -->
<testsuite hostname="DESKTOP-UFF7VOJ" name="InternetExplorer" tests="3" failures="0" timestamp="22 Oct 2019 19:14:26 GMT" time="244.862" errors="0">
  <testcase name="selectProductcategory" time="104.906" classname="testClasses.PurchaseTest"/>
  <testcase name="selectProductcategory" time="27.832" classname="testClasses.PurchaseTest"/>
  <testcase name="selectProductcategory" time="99.748" classname="testClasses.PurchaseTest"/>
</testsuite> <!-- InternetExplorer -->
