<?xml version="1.0" encoding="UTF-8"?>
<!-- Generated by org.testng.reporters.JUnitXMLReporter -->
<testsuite hostname="DESKTOP-UFF7VOJ" name="Test" tests="8" failures="0" timestamp="30 Jun 2019 18:04:13 GMT" time="23.556" errors="0">
  <testcase name="openUrlTest" time="3.875" classname="scripts.WikipediaTest2"/>
  <testcase name="selectEnglishLink" time="2.229" classname="scripts.WikipediaTest2"/>
  <testcase name="searchBoxTest" time="0.74" classname="scripts.WikipediaTest2"/>
  <testcase name="searchbuttonTest" time="5.785" classname="scripts.WikipediaTest2"/>
  <testcase name="openUrlTest" time="0.811" classname="scripts.WikipediaTest3"/>
  <testcase name="selectDeutschLink" time="2.654" classname="scripts.WikipediaTest3"/>
  <testcase name="searchBoxTest" time="0.709" classname="scripts.WikipediaTest3"/>
  <testcase name="searchbuttonTest" time="6.617" classname="scripts.WikipediaTest3"/>
</testsuite> <!-- Test -->
