<?xml version="1.0" encoding="UTF-8"?>
<!-- Generated by org.testng.reporters.JUnitXMLReporter -->
<testsuite hostname="DESKTOP-UFF7VOJ" name="Test" tests="3" failures="0" timestamp="19 Apr 2021 15:06:38 GMT" time="67.965" errors="0">
  <testcase name="executSessionOne" time="31.194" classname="com.practise.framework.DemoTestGuru"/>
  <testcase name="executSessionThree" time="17.759" classname="com.practise.framework.DemoTestGuru"/>
  <testcase name="executeSessionTwo" time="18.913" classname="com.practise.framework.DemoTestGuru"/>
</testsuite> <!-- Test -->
