<?xml version="1.0" encoding="UTF-8"?>
<!-- Generated by org.testng.reporters.JUnitXMLReporter -->
<testsuite hostname="DESKTOP-UFF7VOJ" name="Test(failed)" tests="10" failures="0" timestamp="22 Jun 2019 19:04:57 GMT" time="36.94" errors="0">
  <testcase name="preRequisite" time="4.945" classname="scripts.WikipediaTest3"/>
  <testcase name="openUrlTest" time="4.738" classname="scripts.WikipediaTest3"/>
  <testcase name="selectDeutschLink" time="1.527" classname="scripts.WikipediaTest3"/>
  <testcase name="searchBoxTest" time="0.532" classname="scripts.WikipediaTest3"/>
  <testcase name="searchbuttonTest" time="1.475" classname="scripts.WikipediaTest3"/>
  <testcase name="preRequisite" time="8.46" classname="scripts.WikipediaTest2"/>
  <testcase name="openUrlTest" time="8.672" classname="scripts.WikipediaTest2"/>
  <testcase name="selectEnglishLink" time="2.803" classname="scripts.WikipediaTest2"/>
  <testcase name="searchBoxTest" time="0.698" classname="scripts.WikipediaTest2"/>
  <testcase name="searchbuttonTest" time="3.018" classname="scripts.WikipediaTest2"/>
</testsuite> <!-- Test(failed) -->
