<?xml version="1.0" encoding="UTF-8"?>
<testng-results skipped="0" failed="0" total="1" passed="1">
  <reporter-output>
  </reporter-output>
  <suite name="Default suite" duration-ms="3675" started-at="2019-07-11T19:34:08Z" finished-at="2019-07-11T19:34:11Z">
    <groups>
    </groups>
    <test name="Default test" duration-ms="3675" started-at="2019-07-11T19:34:08Z" finished-at="2019-07-11T19:34:11Z">
      <class name="restAssured.Basics2">
        <test-method status="PASS" signature="createPlaceAPI()[pri:0, instance:restAssured.Basics2@2b98378d]" name="createPlaceAPI" duration-ms="3644" started-at="2019-07-12T01:04:08Z" finished-at="2019-07-12T01:04:11Z">
          <reporter-output>
          </reporter-output>
        </test-method> <!-- createPlaceAPI -->
      </class> <!-- restAssured.Basics2 -->
    </test> <!-- Default test -->
  </suite> <!-- Default suite -->
</testng-results>
